<?xml version="1.0" encoding="UTF-8"?>
<testng-results ignored="0" total="4" passed="4" failed="0" skipped="0">
  <reporter-output>
  </reporter-output>
  <suite started-at="2019-10-30T14:50:26Z" name="Default suite" finished-at="2019-10-30T14:50:26Z" duration-ms="67">
    <groups>
    </groups>
    <test started-at="2019-10-30T14:50:26Z" name="Default test" finished-at="2019-10-30T14:50:26Z" duration-ms="67">
      <class name="com.Habeshaschool.AutomationTesting.InvocationCountTest">
        <test-method signature="Sum()[pri:0, instance:com.Habeshaschool.AutomationTesting.InvocationCountTest@6f4a47c7]" started-at="2019-10-30T14:50:26Z" name="Sum" finished-at="2019-10-30T14:50:26Z" duration-ms="16" status="PASS">
          <reporter-output>
          </reporter-output>
        </test-method> <!-- Sum -->
        <test-method signature="Sum()[pri:0, instance:com.Habeshaschool.AutomationTesting.InvocationCountTest@6f4a47c7]" started-at="2019-10-30T14:50:26Z" name="Sum" finished-at="2019-10-30T14:50:26Z" duration-ms="0" status="PASS">
          <reporter-output>
          </reporter-output>
        </test-method> <!-- Sum -->
        <test-method signature="Sum()[pri:0, instance:com.Habeshaschool.AutomationTesting.InvocationCountTest@6f4a47c7]" started-at="2019-10-30T14:50:26Z" name="Sum" finished-at="2019-10-30T14:50:26Z" duration-ms="0" status="PASS">
          <reporter-output>
          </reporter-output>
        </test-method> <!-- Sum -->
        <test-method signature="Sum()[pri:0, instance:com.Habeshaschool.AutomationTesting.InvocationCountTest@6f4a47c7]" started-at="2019-10-30T14:50:26Z" name="Sum" finished-at="2019-10-30T14:50:26Z" duration-ms="0" status="PASS">
          <reporter-output>
          </reporter-output>
        </test-method> <!-- Sum -->
      </class> <!-- com.Habeshaschool.AutomationTesting.InvocationCountTest -->
    </test> <!-- Default test -->
  </suite> <!-- Default suite -->
</testng-results>
