<?xml version="1.0" encoding="UTF-8"?>
<testng-results ignored="0" total="1" passed="1" failed="0" skipped="0">
  <reporter-output>
  </reporter-output>
  <suite started-at="2019-11-20T00:20:51Z" name="Default suite" finished-at="2019-11-20T00:21:04Z" duration-ms="12483">
    <groups>
    </groups>
    <test started-at="2019-11-20T00:20:51Z" name="Default test" finished-at="2019-11-20T00:21:04Z" duration-ms="12483">
      <class name="javaBasic.LaunchingBrowser">
        <test-method is-config="true" signature="SetUp()[pri:0, instance:javaBasic.LaunchingBrowser@31f9b85e]" started-at="2019-11-20T00:20:51Z" name="SetUp" finished-at="2019-11-20T00:21:03Z" duration-ms="12426" status="PASS">
          <reporter-output>
          </reporter-output>
        </test-method> <!-- SetUp -->
        <test-method signature="KnowingNumberofLinks()[pri:0, instance:javaBasic.LaunchingBrowser@31f9b85e]" started-at="2019-11-20T00:21:04Z" name="KnowingNumberofLinks" finished-at="2019-11-20T00:21:04Z" duration-ms="19" status="PASS">
          <reporter-output>
          </reporter-output>
        </test-method> <!-- KnowingNumberofLinks -->
      </class> <!-- javaBasic.LaunchingBrowser -->
    </test> <!-- Default test -->
  </suite> <!-- Default suite -->
</testng-results>
