<?xml version="1.0" encoding="UTF-8"?>
<!-- Generated by org.testng.reporters.JUnitXMLReporter -->
<testsuite ignored="0" hostname="DAWIT-QA" failures="0" tests="4" name="Default test" time="0.067" errors="0" timestamp="30 Oct 2019 14:50:26 GMT">
  <testcase classname="com.Habeshaschool.AutomationTesting.InvocationCountTest" name="Sum" time="0.016"/>
  <testcase classname="com.Habeshaschool.AutomationTesting.InvocationCountTest" name="Sum" time="0.0"/>
  <testcase classname="com.Habeshaschool.AutomationTesting.InvocationCountTest" name="Sum" time="0.0"/>
  <testcase classname="com.Habeshaschool.AutomationTesting.InvocationCountTest" name="Sum" time="0.0"/>
</testsuite> <!-- Default test -->
